<?xml version="1.0" encoding="UTF-8"?>
<testng-results ignored="0" total="3" passed="3" failed="0" skipped="0">
  <reporter-output>
  </reporter-output>
  <suite started-at="2022-03-21T14:41:52Z" name="Default suite" finished-at="2022-03-21T14:43:19Z" duration-ms="86563">
    <groups>
      <group name="cucumber">
        <method signature="AbstractTestNGCucumberTests.runScenario(io.cucumber.testng.PickleWrapper, io.cucumber.testng.FeatureWrapper)[pri:0, instance:TestRunner.Runner@125290e5]" name="runScenario" class="io.cucumber.testng.AbstractTestNGCucumberTests"/>
      </group> <!-- cucumber -->
    </groups>
    <test started-at="2022-03-21T14:41:52Z" name="Default test" finished-at="2022-03-21T14:43:19Z" duration-ms="86563">
      <class name="TestRunner.Runner">
        <test-method is-config="true" signature="setUpClass()[pri:0, instance:TestRunner.Runner@125290e5]" started-at="2022-03-21T14:41:52Z" name="setUpClass" finished-at="2022-03-21T14:41:53Z" duration-ms="617" status="PASS">
          <reporter-output>
          </reporter-output>
        </test-method> <!-- setUpClass -->
        <test-method signature="runScenario(io.cucumber.testng.PickleWrapper, io.cucumber.testng.FeatureWrapper)[pri:0, instance:TestRunner.Runner@125290e5]" started-at="2022-03-21T14:41:53Z" name="runScenario" description="Runs Cucumber Scenarios" data-provider="scenarios" finished-at="2022-03-21T14:42:19Z" duration-ms="26493" status="PASS">
          <params>
            <param index="0">
              <value>
                <![CDATA["Display Show Button Option"]]>
              </value>
            </param>
            <param index="1">
              <value>
                <![CDATA["Optional[Check Display Feature in App Tab]"]]>
              </value>
            </param>
          </params>
          <reporter-output>
          </reporter-output>
        </test-method> <!-- runScenario -->
        <test-method signature="runScenario(io.cucumber.testng.PickleWrapper, io.cucumber.testng.FeatureWrapper)[pri:0, instance:TestRunner.Runner@125290e5]" started-at="2022-03-21T14:42:19Z" name="runScenario" description="Runs Cucumber Scenarios" data-provider="scenarios" finished-at="2022-03-21T14:42:48Z" duration-ms="28116" status="PASS">
          <params>
            <param index="0">
              <value>
                <![CDATA["Display Show Button Option"]]>
              </value>
            </param>
            <param index="1">
              <value>
                <![CDATA["Optional[Check Display Feature in App Tab]"]]>
              </value>
            </param>
          </params>
          <reporter-output>
          </reporter-output>
        </test-method> <!-- runScenario -->
        <test-method signature="runScenario(io.cucumber.testng.PickleWrapper, io.cucumber.testng.FeatureWrapper)[pri:0, instance:TestRunner.Runner@125290e5]" started-at="2022-03-21T14:42:48Z" name="runScenario" description="Runs Cucumber Scenarios" data-provider="scenarios" finished-at="2022-03-21T14:43:18Z" duration-ms="30829" status="PASS">
          <params>
            <param index="0">
              <value>
                <![CDATA["Display Show Button Option"]]>
              </value>
            </param>
            <param index="1">
              <value>
                <![CDATA["Optional[Check Display Feature in App Tab]"]]>
              </value>
            </param>
          </params>
          <reporter-output>
          </reporter-output>
        </test-method> <!-- runScenario -->
        <test-method is-config="true" signature="tearDownClass()[pri:0, instance:TestRunner.Runner@125290e5]" started-at="2022-03-21T14:43:18Z" name="tearDownClass" finished-at="2022-03-21T14:43:19Z" duration-ms="471" status="PASS">
          <reporter-output>
          </reporter-output>
        </test-method> <!-- tearDownClass -->
      </class> <!-- TestRunner.Runner -->
    </test> <!-- Default test -->
  </suite> <!-- Default suite -->
</testng-results>
